<?xml version="1.0" encoding="UTF-8"?>
<testng-results ignored="0" total="1" passed="1" failed="0" skipped="0">
  <reporter-output>
  </reporter-output>
  <suite started-at="2024-09-24T10:16:55 IST" name="Suite" finished-at="2024-09-24T10:17:02 IST" duration-ms="7235">
    <groups>
    </groups>
    <test started-at="2024-09-24T10:16:55 IST" name="Test" finished-at="2024-09-24T10:17:02 IST" duration-ms="7235">
      <class name="testCases.TC001_AccountRegistrationTest">
        <test-method is-config="true" signature="setup()[pri:0, instance:testCases.TC001_AccountRegistrationTest@26425897]" started-at="2024-09-24T10:16:55 IST" name="setup" finished-at="2024-09-24T10:17:00 IST" duration-ms="4732" status="PASS">
          <reporter-output>
          </reporter-output>
        </test-method> <!-- setup -->
        <test-method signature="verify_account_registration()[pri:0, instance:testCases.TC001_AccountRegistrationTest@26425897]" started-at="2024-09-24T10:17:00 IST" name="verify_account_registration" finished-at="2024-09-24T10:17:02 IST" duration-ms="2252" status="PASS">
          <reporter-output>
          </reporter-output>
        </test-method> <!-- verify_account_registration -->
        <test-method is-config="true" signature="tearDown()[pri:0, instance:testCases.TC001_AccountRegistrationTest@26425897]" started-at="2024-09-24T10:17:02 IST" name="tearDown" finished-at="2024-09-24T10:17:02 IST" duration-ms="202" status="PASS">
          <reporter-output>
          </reporter-output>
        </test-method> <!-- tearDown -->
      </class> <!-- testCases.TC001_AccountRegistrationTest -->
    </test> <!-- Test -->
  </suite> <!-- Suite -->
</testng-results>
